{
  "stats": {
    "suites": 2,
    "tests": 6,
    "passes": 6,
    "pending": 0,
    "failures": 0,
    "start": "2026-04-25T20:58:26.539Z",
    "end": "2026-04-25T20:58:26.625Z",
    "duration": 86,
    "testsRegistered": 6,
    "passPercent": 100,
    "pendingPercent": 0,
    "other": 0,
    "hasOther": false,
    "skipped": 0,
    "hasSkipped": false
  },
  "results": [
    {
      "uuid": "89e256fe-2c74-4fc1-8492-8fb39f37aaa8",
      "title": "",
      "fullFile": "",
      "file": "",
      "beforeHooks": [],
      "afterHooks": [],
      "tests": [],
      "suites": [
        {
          "uuid": "d933f1c7-699f-469b-8cf9-f724e4705176",
          "title": "Serviço de Categorias - GraphQL",
          "fullFile": "C:\\EBAC\\Repositorio\\api-tests-pactumjs\\tests\\categorias.test.js",
          "file": "\\tests\\categorias.test.js",
          "beforeHooks": [
            {
              "title": "\"before all\" hook in \"Serviço de Categorias - GraphQL\"",
              "fullTitle": "Serviço de Categorias - GraphQL \"before all\" hook in \"Serviço de Categorias - GraphQL\"",
              "timedOut": false,
              "duration": 2,
              "state": null,
              "speed": null,
              "pass": false,
              "fail": false,
              "pending": false,
              "context": null,
              "code": "server = await startMockGraphqlServer(4001)",
              "err": {},
              "uuid": "c0812ea9-e840-41af-bec3-604d7530117d",
              "parentUUID": "d933f1c7-699f-469b-8cf9-f724e4705176",
              "isHook": true,
              "skipped": false
            }
          ],
          "afterHooks": [
            {
              "title": "\"after all\" hook in \"Serviço de Categorias - GraphQL\"",
              "fullTitle": "Serviço de Categorias - GraphQL \"after all\" hook in \"Serviço de Categorias - GraphQL\"",
              "timedOut": false,
              "duration": 1,
              "state": null,
              "speed": null,
              "pass": false,
              "fail": false,
              "pending": false,
              "context": null,
              "code": "server.close()",
              "err": {},
              "uuid": "c6052c46-4d94-47b5-bfeb-d218b6526283",
              "parentUUID": "d933f1c7-699f-469b-8cf9-f724e4705176",
              "isHook": true,
              "skipped": false
            }
          ],
          "tests": [
            {
              "title": "Deve adicionar uma categoria",
              "fullTitle": "Serviço de Categorias - GraphQL Deve adicionar uma categoria",
              "timedOut": false,
              "duration": 64,
              "state": "passed",
              "speed": "medium",
              "pass": true,
              "fail": false,
              "pending": false,
              "context": null,
              "code": "await spec()\n  .post(BASE_URL)\n  .withJson({\n    query: `mutation { addCategory(name: \"Eletrônicos\") { id name } }`\n  })\n  .expectStatus(200)\n  .expectJsonLike({\n    data: {\n      addCategory: {\n        id: 1,\n        name: 'Eletrônicos'\n      }\n    }\n  })\n  .expectJsonSchema({\n    type: 'object',\n    required: ['data'],\n    properties: {\n      data: {\n        type: 'object',\n        required: ['addCategory'],\n        properties: {\n          addCategory: {\n            type: 'object',\n            required: ['id', 'name'],\n            properties: {\n              id: { type: 'number' },\n              name: { type: 'string' }\n            }\n          }\n        }\n      }\n    }\n  })",
              "err": {},
              "uuid": "d232c994-d46a-4d7e-9d10-eb2bb7811918",
              "parentUUID": "d933f1c7-699f-469b-8cf9-f724e4705176",
              "isHook": false,
              "skipped": false
            },
            {
              "title": "Deve editar uma categoria",
              "fullTitle": "Serviço de Categorias - GraphQL Deve editar uma categoria",
              "timedOut": false,
              "duration": 1,
              "state": "passed",
              "speed": "fast",
              "pass": true,
              "fail": false,
              "pending": false,
              "context": null,
              "code": "await spec()\n  .post(BASE_URL)\n  .withJson({\n    query: `mutation { editCategory(id: 1, name: \"Tecnologia\") { id name } }`\n  })\n  .expectStatus(200)\n  .expectJsonLike({\n    data: {\n      editCategory: {\n        id: 1,\n        name: 'Tecnologia'\n      }\n    }\n  })",
              "err": {},
              "uuid": "a1da5d28-7f59-4d6f-9bc2-74d84df7ba4d",
              "parentUUID": "d933f1c7-699f-469b-8cf9-f724e4705176",
              "isHook": false,
              "skipped": false
            },
            {
              "title": "Deve deletar uma categoria",
              "fullTitle": "Serviço de Categorias - GraphQL Deve deletar uma categoria",
              "timedOut": false,
              "duration": 1,
              "state": "passed",
              "speed": "fast",
              "pass": true,
              "fail": false,
              "pending": false,
              "context": null,
              "code": "await spec()\n  .post(BASE_URL)\n  .withJson({\n    query: `mutation { deleteCategory(id: 1) { success } }`\n  })\n  .expectStatus(200)\n  .expectJsonLike({\n    data: {\n      deleteCategory: {\n        success: true\n      }\n    }\n  })",
              "err": {},
              "uuid": "635aebe6-c48b-4ac3-a075-37d4ac1ef8d3",
              "parentUUID": "d933f1c7-699f-469b-8cf9-f724e4705176",
              "isHook": false,
              "skipped": false
            }
          ],
          "suites": [],
          "passes": [
            "d232c994-d46a-4d7e-9d10-eb2bb7811918",
            "a1da5d28-7f59-4d6f-9bc2-74d84df7ba4d",
            "635aebe6-c48b-4ac3-a075-37d4ac1ef8d3"
          ],
          "failures": [],
          "pending": [],
          "skipped": [],
          "duration": 66,
          "root": false,
          "rootEmpty": false,
          "_timeout": 2000
        },
        {
          "uuid": "4536ef11-e880-4da8-9d7f-608643a5d2dd",
          "title": "Serviço de Produtos - GraphQL",
          "fullFile": "C:\\EBAC\\Repositorio\\api-tests-pactumjs\\tests\\produtos.test.js",
          "file": "\\tests\\produtos.test.js",
          "beforeHooks": [
            {
              "title": "\"before all\" hook in \"Serviço de Produtos - GraphQL\"",
              "fullTitle": "Serviço de Produtos - GraphQL \"before all\" hook in \"Serviço de Produtos - GraphQL\"",
              "timedOut": false,
              "duration": 1,
              "state": null,
              "speed": null,
              "pass": false,
              "fail": false,
              "pending": false,
              "context": null,
              "code": "server = await startMockGraphqlServer(4002)",
              "err": {},
              "uuid": "936fe012-b61d-4806-9b8a-17cb5f7a100a",
              "parentUUID": "4536ef11-e880-4da8-9d7f-608643a5d2dd",
              "isHook": true,
              "skipped": false
            }
          ],
          "afterHooks": [
            {
              "title": "\"after all\" hook in \"Serviço de Produtos - GraphQL\"",
              "fullTitle": "Serviço de Produtos - GraphQL \"after all\" hook in \"Serviço de Produtos - GraphQL\"",
              "timedOut": false,
              "duration": 1,
              "state": null,
              "speed": null,
              "pass": false,
              "fail": false,
              "pending": false,
              "context": null,
              "code": "server.close()",
              "err": {},
              "uuid": "4432f634-7e51-4031-92ea-b507cb22e955",
              "parentUUID": "4536ef11-e880-4da8-9d7f-608643a5d2dd",
              "isHook": true,
              "skipped": false
            }
          ],
          "tests": [
            {
              "title": "Deve adicionar um produto",
              "fullTitle": "Serviço de Produtos - GraphQL Deve adicionar um produto",
              "timedOut": false,
              "duration": 3,
              "state": "passed",
              "speed": "fast",
              "pass": true,
              "fail": false,
              "pending": false,
              "context": null,
              "code": "await spec()\n  .post(BASE_URL)\n  .withJson({\n    query: `mutation { addProduct(name: \"Notebook\", price: 3500) { id name price } }`\n  })\n  .expectStatus(200)\n  .expectJsonLike({\n    data: {\n      addProduct: {\n        id: 10,\n        name: 'Notebook',\n        price: 3500\n      }\n    }\n  })\n  .expectJsonSchema({\n    type: 'object',\n    required: ['data'],\n    properties: {\n      data: {\n        type: 'object',\n        required: ['addProduct'],\n        properties: {\n          addProduct: {\n            type: 'object',\n            required: ['id', 'name', 'price'],\n            properties: {\n              id: { type: 'number' },\n              name: { type: 'string' },\n              price: { type: 'number' }\n            }\n          }\n        }\n      }\n    }\n  })",
              "err": {},
              "uuid": "e4be7145-d617-4a25-8f8a-907378b7552b",
              "parentUUID": "4536ef11-e880-4da8-9d7f-608643a5d2dd",
              "isHook": false,
              "skipped": false
            },
            {
              "title": "Deve editar um produto",
              "fullTitle": "Serviço de Produtos - GraphQL Deve editar um produto",
              "timedOut": false,
              "duration": 1,
              "state": "passed",
              "speed": "fast",
              "pass": true,
              "fail": false,
              "pending": false,
              "context": null,
              "code": "await spec()\n  .post(BASE_URL)\n  .withJson({\n    query: `mutation { editProduct(id: 10, name: \"Notebook Gamer\", price: 4500) { id name price } }`\n  })\n  .expectStatus(200)\n  .expectJsonLike({\n    data: {\n      editProduct: {\n        id: 10,\n        name: 'Notebook Gamer',\n        price: 4500\n      }\n    }\n  })",
              "err": {},
              "uuid": "063d0081-57cf-49ad-94b2-98e0a4b0cf26",
              "parentUUID": "4536ef11-e880-4da8-9d7f-608643a5d2dd",
              "isHook": false,
              "skipped": false
            },
            {
              "title": "Deve deletar um produto",
              "fullTitle": "Serviço de Produtos - GraphQL Deve deletar um produto",
              "timedOut": false,
              "duration": 1,
              "state": "passed",
              "speed": "fast",
              "pass": true,
              "fail": false,
              "pending": false,
              "context": null,
              "code": "await spec()\n  .post(BASE_URL)\n  .withJson({\n    query: `mutation { deleteProduct(id: 10) { success } }`\n  })\n  .expectStatus(200)\n  .expectJsonLike({\n    data: {\n      deleteProduct: {\n        success: true\n      }\n    }\n  })",
              "err": {},
              "uuid": "6ff8a123-8b41-4425-aed7-f9e104ea63fa",
              "parentUUID": "4536ef11-e880-4da8-9d7f-608643a5d2dd",
              "isHook": false,
              "skipped": false
            }
          ],
          "suites": [],
          "passes": [
            "e4be7145-d617-4a25-8f8a-907378b7552b",
            "063d0081-57cf-49ad-94b2-98e0a4b0cf26",
            "6ff8a123-8b41-4425-aed7-f9e104ea63fa"
          ],
          "failures": [],
          "pending": [],
          "skipped": [],
          "duration": 5,
          "root": false,
          "rootEmpty": false,
          "_timeout": 2000
        }
      ],
      "passes": [],
      "failures": [],
      "pending": [],
      "skipped": [],
      "duration": 0,
      "root": true,
      "rootEmpty": true,
      "_timeout": 2000
    }
  ],
  "meta": {
    "mocha": {
      "version": "11.7.5"
    },
    "mochawesome": {
      "options": {
        "quiet": false,
        "reportFilename": "mochawesome",
        "saveHtml": true,
        "saveJson": true,
        "consoleReporter": "spec",
        "useInlineDiffs": false,
        "code": true
      },
      "version": "7.1.4"
    },
    "marge": {
      "options": null,
      "version": "6.3.2"
    }
  }
}